app/build/outputs/logs/manifest-merger-release-report.txt
-- Merging decision tree log ---
manifest
ADDED from src/main/AndroidManifest.xml:1:1-31:12
INJECTED from src/main/AndroidManifest.xml:1:1-31:12
INJECTED from src/main/AndroidManifest.xml:1:1-31:12
INJECTED from src/main/AndroidManifest.xml:1:1-31:12
INJECTED from src/main/AndroidManifest.xml:1:1-31:12
INJECTED from src/main/AndroidManifest.xml:1:1-31:12
INJECTED from src/main/AndroidManifest.xml:1:1-31:12
	package
		ADDED from src/main/AndroidManifest.xml:2:1-32
		INJECTED from src/main/AndroidManifest.xml
		INJECTED from src/main/AndroidManifest.xml
	android:versionName
		INJECTED from src/main/AndroidManifest.xml
		ADDED from src/main/AndroidManifest.xml:1:1-31:12
		INJECTED from src/main/AndroidManifest.xml
	android:versionCode
		INJECTED from src/main/AndroidManifest.xml
		ADDED from src/main/AndroidManifest.xml:1:1-31:12
		INJECTED from src/main/AndroidManifest.xml
	xmlns:android
		ADDED from src/main/AndroidManifest.xml:1:11-69
uses-permission#com.google.android.glass.permission.DEVELOPMENT
ADDED from src/main/AndroidManifest.xml:5:5-86
	android:name
		ADDED from src/main/AndroidManifest.xml:5:22-84
application
ADDED from src/main/AndroidManifest.xml:6:1-29:15
	android:supportsRtl
		ADDED from src/main/AndroidManifest.xml:10:5-31
	android:label
		ADDED from src/main/AndroidManifest.xml:8:5-37
	android:icon
		ADDED from src/main/AndroidManifest.xml:9:5-39
	android:allowBackup
		ADDED from src/main/AndroidManifest.xml:7:5-31
	android:theme
		ADDED from src/main/AndroidManifest.xml:11:5-36
activity#com.example.glassdemo.MainActivity
ADDED from src/main/AndroidManifest.xml:14:5-27:16
	android:label
		ADDED from src/main/AndroidManifest.xml:16:9-52
	android:icon
		ADDED from src/main/AndroidManifest.xml:17:9-47
	android:name
		ADDED from src/main/AndroidManifest.xml:15:9-37
intent-filter#action:name:android.intent.action.MAIN+action:name:com.google.android.glass.action.VOICE_TRIGGER+category:name:android.intent.category.LAUNCHER+category:name:com.google.android.glass.category.DIRECTORY
ADDED from src/main/AndroidManifest.xml:18:9-23:25
action#com.google.android.glass.action.VOICE_TRIGGER
ADDED from src/main/AndroidManifest.xml:19:13-84
	android:name
		ADDED from src/main/AndroidManifest.xml:19:21-81
action#android.intent.action.MAIN
ADDED from src/main/AndroidManifest.xml:20:13-64
	android:name
		ADDED from src/main/AndroidManifest.xml:20:21-62
category#android.intent.category.LAUNCHER
ADDED from src/main/AndroidManifest.xml:21:13-72
	android:name
		ADDED from src/main/AndroidManifest.xml:21:23-70
category#com.google.android.glass.category.DIRECTORY
ADDED from src/main/AndroidManifest.xml:22:13-84
	android:name
		ADDED from src/main/AndroidManifest.xml:22:23-81
meta-data#com.google.android.glass.VoiceTrigger
ADDED from src/main/AndroidManifest.xml:24:9-26:53
	android:resource
		ADDED from src/main/AndroidManifest.xml:26:13-50
	android:name
		ADDED from src/main/AndroidManifest.xml:25:13-65
uses-sdk
INJECTED from src/main/AndroidManifest.xml reason: use-sdk injection requested
INJECTED from src/main/AndroidManifest.xml
INJECTED from src/main/AndroidManifest.xml
INJECTED from src/main/AndroidManifest.xml
INJECTED from src/main/AndroidManifest.xml
	android:targetSdkVersion
		INJECTED from src/main/AndroidManifest.xml
		ADDED from src/main/AndroidManifest.xml
		INJECTED from src/main/AndroidManifest.xml
	android:minSdkVersion
		INJECTED from src/main/AndroidManifest.xml
		ADDED from src/main/AndroidManifest.xml
		INJECTED from src/main/AndroidManifest.xml